Mon Jul 28 2014 11:21:50 GMT+0500 (Pakistan Standard Time):
{ [Error: Server returned error in RSTR - ErrorCode: NONE : FaultMessage: NONE]
  stack: [Getter/Setter],
  __frame: 
   { name: '__7',
     line: 173,
     file: 'C:\\Users\\najam.sikander\\AppData\\Roaming\\npm\\node_modules\\azure-cli\\lib\\commands\\account._js',
     prev: undefined,
     active: false,
     offset: 38,
     col: 31 },
  rawStack: [Getter] }
Error: Server returned error in RSTR - ErrorCode: NONE : FaultMessage: NONE
    at Logger.createError (C:\Users\najam.sikander\AppData\Roaming\npm\node_modules\azure-cli\node_modules\adal-node\lib\log.js:196:13)
    at WSTrustResponse.parse (C:\Users\najam.sikander\AppData\Roaming\npm\node_modules\azure-cli\node_modules\adal-node\lib\wstrust-response.js:243:23)
    at WSTrustRequest._handleRSTR (C:\Users\najam.sikander\AppData\Roaming\npm\node_modules\azure-cli\node_modules\adal-node\lib\wstrust-request.js:150:21)
    at C:\Users\najam.sikander\AppData\Roaming\npm\node_modules\azure-cli\node_modules\adal-node\lib\wstrust-request.js:183:12
    at Request._callback (C:\Users\najam.sikander\AppData\Roaming\npm\node_modules\azure-cli\node_modules\adal-node\lib\util.js:116:5)
    at Request.self.callback (C:\Users\najam.sikander\AppData\Roaming\npm\node_modules\azure-cli\node_modules\request\request.js:129:22)
    at Request.emit (events.js:98:17)
    at Request.<anonymous> (C:\Users\najam.sikander\AppData\Roaming\npm\node_modules\azure-cli\node_modules\request\request.js:873:14)
    at Request.emit (events.js:117:20)
    at IncomingMessage.<anonymous> (C:\Users\najam.sikander\AppData\Roaming\npm\node_modules\azure-cli\node_modules\request\request.js:824:12)
    at __7 (C:\Users\najam.sikander\AppData\Roaming\npm\node_modules\azure-cli\lib\commands\account._js:211:31)

